Using pre-set license
Built from '2020.3/staging' branch; Version is '2020.3.13f1 (71691879b7f5) revision 7432472'; Using compiler version '192528614'; Build Type 'Release'
OS: 'Windows 10 Pro; OS build 19041.1165; Version 2004; 64bit' Language: 'en' Physical Memory: 16168 MB
BatchMode: 1, IsHumanControllingUs: 0, StartBugReporterOnCrash: 0, Is64bit: 1, IsPro: 0

 COMMAND LINE ARGUMENTS:
C:\Program Files\Unity\Hub\Editor\2020.3.13f1\Editor\Unity.exe
-adb2
-batchMode
-noUpm
-name
AssetImportWorker0
-projectPath
C:/Users/daero/Documents/GitHub/LevelDesignP1/BlastJump
-logFile
Logs/AssetImportWorker0.log
-srvPort
60085
Successfully changed project path to: C:/Users/daero/Documents/GitHub/LevelDesignP1/BlastJump
C:/Users/daero/Documents/GitHub/LevelDesignP1/BlastJump
Using Asset Import Pipeline V2.
Refreshing native plugins compatible for Editor in 70.46 ms, found 3 plugins.
Preloading 0 native plugins for Editor in 0.00 ms.
Initialize engine version: 2020.3.13f1 (71691879b7f5)
[Subsystems] Discovering subsystems at path C:/Program Files/Unity/Hub/Editor/2020.3.13f1/Editor/Data/Resources/UnitySubsystems
[Subsystems] Discovering subsystems at path C:/Users/daero/Documents/GitHub/LevelDesignP1/BlastJump/Assets
GfxDevice: creating device client; threaded=0
Direct3D:
    Version:  Direct3D 11.0 [level 11.1]
    Renderer: NVIDIA GeForce MX250 (ID=0x1d13)
    Vendor:   
    VRAM:     1983 MB
    Driver:   27.21.14.5167
Initialize mono
Mono path[0] = 'C:/Program Files/Unity/Hub/Editor/2020.3.13f1/Editor/Data/Managed'
Mono path[1] = 'C:/Program Files/Unity/Hub/Editor/2020.3.13f1/Editor/Data/MonoBleedingEdge/lib/mono/unityjit'
Mono config path = 'C:/Program Files/Unity/Hub/Editor/2020.3.13f1/Editor/Data/MonoBleedingEdge/etc'
Using monoOptions --debugger-agent=transport=dt_socket,embedding=1,server=y,suspend=n,address=127.0.0.1:56360
Begin MonoManager ReloadAssembly
Registering precompiled unity dll's ...
Register platform support module: C:/Program Files/Unity/Hub/Editor/2020.3.13f1/Editor/Data/PlaybackEngines/WindowsStandaloneSupport/UnityEditor.WindowsStandalone.Extensions.dll
Registered in 0.006287 seconds.
Native extension for WindowsStandalone target not found
Refreshing native plugins compatible for Editor in 104.57 ms, found 3 plugins.
Preloading 0 native plugins for Editor in 0.00 ms.
Unable to find bridge dll in registry for Microsoft Visual Studio Tools for Unity for C:/Program Files (x86)/Microsoft Visual Studio/2019/Community/Common7/IDE/devenv.exe
Mono: successfully reloaded assembly
- Completed reload, in  3.118 seconds
Platform modules already initialized, skipping
Registering precompiled user dll's ...
Registered in 0.017971 seconds.
Begin MonoManager ReloadAssembly
Native extension for WindowsStandalone target not found
Refreshing native plugins compatible for Editor in 103.43 ms, found 3 plugins.
Preloading 0 native plugins for Editor in 0.00 ms.
Mono: successfully reloaded assembly
- Completed reload, in  2.982 seconds
Platform modules already initialized, skipping
========================================================================
Worker process is ready to serve import requests
Launched and connected shader compiler UnityShaderCompiler.exe after 0.11 seconds
Refreshing native plugins compatible for Editor in 1.07 ms, found 3 plugins.
Preloading 0 native plugins for Editor in 0.00 ms.
Unloading 2092 Unused Serialized files (Serialized files now loaded: 0)
System memory in use before: 93.0 MB.
System memory in use after: 93.1 MB.

Unloading 28 unused Assets to reduce memory usage. Loaded Objects now: 2530.
Total: 4.682300 ms (FindLiveObjects: 0.342700 ms CreateObjectMapping: 0.177400 ms MarkObjects: 4.026100 ms  DeleteObjects: 0.133600 ms)

AssetImportParameters requested are different than current active one (requested -> active):
  custom:framework-win-MediaFoundation: 216162199b28c13a410421893ffa2e32 -> 
  custom:video-decoder-ogg-theora: a1e56fd34408186e4bbccfd4996cb3dc -> 
  custom:container-muxer-webm: aa71ff27fc2769a1b78a27578f13a17b -> 
  custom:container-demuxer-webm: 4f35f7cbe854078d1ac9338744f61a02 -> 
  custom:container-demuxer-ogg: 62fdf1f143b41e24485cea50d1cbac27 -> 
  custom:video-encoder-webm-vp8: eb34c28f22e8b96e1ab97ce403110664 -> 
  custom:video-codec-MediaFoundation-h265: 746d11721c4dcdbdad8f713fa42b33f4 -> 
  custom:video-decoder-webm-vp8: 9c59270c3fd7afecdb556c50c9e8de78 -> 
  custom:audio-decoder-ogg-vorbis: bf7c407c2cedff20999df2af8eb42d56 -> 
  custom:audio-encoder-webm-vorbis: bf7c407c2cedff20999df2af8eb42d56 -> 
========================================================================
Received Import Request.
  path: Assets/256x256.png
  artifactKey: Guid(febfcfc8f44a0d741af494c377b4b1d1) Importer(815301076,1909f56bfc062723c751e8b465ee728b)
Start importing Assets/256x256.png using Guid(febfcfc8f44a0d741af494c377b4b1d1) Importer(815301076,1909f56bfc062723c751e8b465ee728b)  -> (artifact id: '1ef9146a44b4e6aac71a398120c45aad') in 0.275956 seconds 
  Import took 0.282886 seconds .

========================================================================
Received Import Request.
  Time since last request: 0.000579 seconds.
  path: Assets/frictionless.physicsMaterial2D
  artifactKey: Guid(edfb00a7b5f3f494f83dbe9012a08372) Importer(815301076,1909f56bfc062723c751e8b465ee728b)
Start importing Assets/frictionless.physicsMaterial2D using Guid(edfb00a7b5f3f494f83dbe9012a08372) Importer(815301076,1909f56bfc062723c751e8b465ee728b)  -> (artifact id: 'ba6898e4d4e5197ae838113460e05ca1') in 0.028736 seconds 
  Import took 0.036127 seconds .

========================================================================
Received Import Request.
  Time since last request: 31.122360 seconds.
  path: Assets/Scenes/Level1.unity
  artifactKey: Guid(21d85554449fda745b8ae9612ff00c88) Importer(815301076,1909f56bfc062723c751e8b465ee728b)
Start importing Assets/Scenes/Level1.unity using Guid(21d85554449fda745b8ae9612ff00c88) Importer(815301076,1909f56bfc062723c751e8b465ee728b)  -> (artifact id: 'c2e250d313376080c239a7f154a73bde') in 0.009551 seconds 
  Import took 0.014476 seconds .

========================================================================
Received Import Request.
  Time since last request: 0.010453 seconds.
  path: Assets/Scenes/Level1.unity
  artifactKey: Guid(21d85554449fda745b8ae9612ff00c88) Importer(815301076,1909f56bfc062723c751e8b465ee728b)
Start importing Assets/Scenes/Level1.unity using Guid(21d85554449fda745b8ae9612ff00c88) Importer(815301076,1909f56bfc062723c751e8b465ee728b)  -> (artifact id: 'c2e250d313376080c239a7f154a73bde') in 0.005090 seconds 
  Import took 0.010478 seconds .

